2025-01-04 15:19:58,805 INFO supervisord started with pid 1
2025-01-04 15:19:59,812 INFO spawned: 'octane' with pid 7
2025-01-04 15:20:01,265 INFO success: octane entered RUNNING state, process has stayed up for > than 1 seconds (startsecs)
2025-01-04 15:21:14,077 WARN received SIGTERM indicating exit request
2025-01-04 15:21:14,079 INFO waiting for octane to die
2025-01-04 15:21:14,130 INFO stopped: octane (exit status 0)
2025-01-04 15:21:14,130 INFO reaped unknown pid 12 (terminated by SIGKILL)
2025-01-04 15:21:14,130 INFO reaped unknown pid 17 (terminated by SIGKILL)
2025-01-04 15:21:14,130 INFO reaped unknown pid 23 (terminated by SIGKILL)
2025-01-04 15:21:14,131 INFO reaped unknown pid 24 (terminated by SIGKILL)
2025-01-04 15:21:14,131 INFO reaped unknown pid 27 (terminated by SIGKILL)
2025-01-04 15:21:14,131 INFO reaped unknown pid 29 (terminated by SIGKILL)
2025-01-04 15:21:14,131 INFO reaped unknown pid 30 (terminated by SIGKILL)
2025-01-04 15:21:14,131 INFO reaped unknown pid 31 (terminated by SIGKILL)
2025-01-04 15:21:14,131 INFO reaped unknown pid 32 (terminated by SIGKILL)
2025-01-04 15:21:14,132 INFO reaped unknown pid 33 (terminated by SIGKILL)
2025-01-04 15:21:14,132 INFO reaped unknown pid 34 (terminated by SIGKILL)
2025-01-04 15:21:14,132 INFO reaped unknown pid 35 (terminated by SIGKILL)
2025-01-04 15:21:14,132 INFO reaped unknown pid 36 (terminated by SIGKILL)
2025-01-04 15:21:14,132 INFO reaped unknown pid 37 (terminated by SIGKILL)
2025-01-04 15:21:14,132 INFO reaped unknown pid 38 (terminated by SIGKILL)
2025-01-04 15:21:14,132 INFO reaped unknown pid 39 (terminated by SIGKILL)
2025-01-04 15:21:14,132 INFO reaped unknown pid 40 (terminated by SIGKILL)
2025-01-04 15:21:14,133 INFO reaped unknown pid 41 (terminated by SIGKILL)
2025-01-04 15:21:14,133 INFO reaped unknown pid 42 (terminated by SIGKILL)
2025-01-04 15:21:14,133 INFO reaped unknown pid 43 (terminated by SIGKILL)
2025-01-04 15:21:14,133 INFO reaped unknown pid 44 (terminated by SIGKILL)
2025-01-04 15:21:14,133 INFO reaped unknown pid 45 (terminated by SIGKILL)
2025-01-04 15:21:14,133 INFO reaped unknown pid 46 (terminated by SIGKILL)
2025-01-04 15:21:14,133 INFO reaped unknown pid 47 (terminated by SIGKILL)
2025-01-04 15:21:14,134 INFO reaped unknown pid 48 (terminated by SIGKILL)
